<?xml version="1.0" encoding="UTF-8"?>
<!-- Generated by org.testng.reporters.JUnitXMLReporter -->
<testsuite ignored="0" hostname="NithyaLenova" failures="1" tests="1" name="Test" time="13.658" errors="0" timestamp="2025-02-18T14:40:22 CST">
  <testcase classname="kodacarsTestScripts.LoginTest" name="ValidLoginCredentials" time="1.571">
    <failure type="java.lang.AssertionError" message="expected [KodaCarsWebPortal] but found [KodaCars Web Portal]">
      <![CDATA[java.lang.AssertionError: expected [KodaCarsWebPortal] but found [KodaCars Web Portal]
at kodacarsTestScripts.LoginTest.ValidLoginCredentials(LoginTest.java:25)
at java.base/java.util.ArrayList.forEach(ArrayList.java:1597)
... Removed 31 stack frames]]>
    </failure>
  </testcase> <!-- ValidLoginCredentials -->
</testsuite> <!-- Test -->
