<?xml version="1.0" encoding="UTF-8"?>
<!-- Generated by org.testng.reporters.JUnitXMLReporter -->
<testsuite ignored="0" hostname="NithyaLenova" failures="1" tests="7" name="Test" time="386.929" errors="0" timestamp="2025-03-31T11:16:37 CDT">
  <testcase classname="com.kodacars.qa.testscripts.AddReservationKodaWalkinTest" name="AddReservationForWalkIn" time="55.706"/>
  <testcase classname="com.kodacars.qa.testscripts.AddReservationKodaWalkinTest" name="AddReservationForWalkIn" time="54.944"/>
  <testcase classname="com.kodacars.qa.testscripts.AddReservationKodaWalkinTest" name="AddReservationForWalkIn" time="51.223"/>
  <testcase classname="com.kodacars.qa.testscripts.AddReservationKodaWalkinTest" name="AddReservationForWalkIn" time="49.713"/>
  <testcase classname="com.kodacars.qa.testscripts.AddReservationKodaWalkinTest" name="AddReservationForThirdPartyCreateManually" time="51.63"/>
  <testcase classname="com.kodacars.qa.testscripts.AddReservationKodaWalkinTest" name="AddReservationConfirmationNumberSearch" time="16.081"/>
  <testcase classname="com.kodacars.qa.testscripts.AddReservationKodaWalkinTest" name="DashboardThirdPartyReservationLink" time="71.046">
    <failure type="org.openqa.selenium.TimeoutException" message="Expected condition failed: waiting for visibility of element located by By.id: confirmationNumber (tried for 60 second(s) with 500 milliseconds interval)
Build info: version: &amp;apos;4.27.0&amp;apos;, revision: &amp;apos;d6e718d134&amp;apos;
System info: os.name: &amp;apos;Windows 11&amp;apos;, os.arch: &amp;apos;amd64&amp;apos;, os.version: &amp;apos;10.0&amp;apos;, java.version: &amp;apos;23.0.1&amp;apos;
Driver info: org.openqa.selenium.chrome.ChromeDriver
Capabilities {acceptInsecureCerts: false, browserName: chrome, browserVersion: 134.0.6998.89, chrome: {chromedriverVersion: 134.0.6998.165 (fd886e2cb29..., userDataDir: C:\Users\nithi\AppData\Loca...}, fedcm:accounts: true, goog:chromeOptions: {debuggerAddress: localhost:49863}, networkConnectionEnabled: false, pageLoadStrategy: normal, platformName: windows, proxy: Proxy(), se:cdp: ws://localhost:49863/devtoo..., se:cdpVersion: 134.0.6998.89, setWindowRect: true, strictFileInteractability: false, timeouts: {implicit: 0, pageLoad: 300000, script: 30000}, unhandledPromptBehavior: dismiss and notify, webauthn:extension:credBlob: true, webauthn:extension:largeBlob: true, webauthn:extension:minPinLength: true, webauthn:extension:prf: true, webauthn:virtualAuthenticators: true}
Session ID: 6dfcaeed44d7ef672b494f5107052419">
      <![CDATA[org.openqa.selenium.TimeoutException: Expected condition failed: waiting for visibility of element located by By.id: confirmationNumber (tried for 60 second(s) with 500 milliseconds interval)
Build info: version: '4.27.0', revision: 'd6e718d134'
System info: os.name: 'Windows 11', os.arch: 'amd64', os.version: '10.0', java.version: '23.0.1'
Driver info: org.openqa.selenium.chrome.ChromeDriver
Capabilities {acceptInsecureCerts: false, browserName: chrome, browserVersion: 134.0.6998.89, chrome: {chromedriverVersion: 134.0.6998.165 (fd886e2cb29..., userDataDir: C:\Users\nithi\AppData\Loca...}, fedcm:accounts: true, goog:chromeOptions: {debuggerAddress: localhost:49863}, networkConnectionEnabled: false, pageLoadStrategy: normal, platformName: windows, proxy: Proxy(), se:cdp: ws://localhost:49863/devtoo..., se:cdpVersion: 134.0.6998.89, setWindowRect: true, strictFileInteractability: false, timeouts: {implicit: 0, pageLoad: 300000, script: 30000}, unhandledPromptBehavior: dismiss and notify, webauthn:extension:credBlob: true, webauthn:extension:largeBlob: true, webauthn:extension:minPinLength: true, webauthn:extension:prf: true, webauthn:virtualAuthenticators: true}
Session ID: 6dfcaeed44d7ef672b494f5107052419
at org.openqa.selenium.support.ui.WebDriverWait.timeoutException(WebDriverWait.java:84)
at org.openqa.selenium.support.ui.FluentWait.until(FluentWait.java:228)
at com.kodacars.qa.pageobjects.AddReservationPage.getTextConfirmationNumber(AddReservationPage.java:280)
at com.kodacars.qa.testscripts.AddReservationKodaWalkinTest.DashboardThirdPartyReservationLink(AddReservationKodaWalkinTest.java:82)
at java.base/java.util.ArrayList.forEach(ArrayList.java:1597)
... Removed 25 stack frames]]>
    </failure>
  </testcase> <!-- DashboardThirdPartyReservationLink -->
</testsuite> <!-- Test -->
