<?xml version="1.0" encoding="UTF-8"?>
<!-- Generated by org.testng.reporters.JUnitXMLReporter -->
<testsuite ignored="0" hostname="NithyaLenova" failures="0" tests="2" name="Test" time="106.231" errors="0" timestamp="2025-03-18T18:35:10 CDT">
  <testcase classname="com.kodacars.qa.testscripts.AddReservationKodaTest" name="AddReservationForKoda" time="49.813"/>
  <testcase classname="com.kodacars.qa.testscripts.AddReservationKodaTest" name="AddReservationForKoda" time="48.083"/>
</testsuite> <!-- Test -->
