<?xml version="1.0" encoding="UTF-8"?>
<!-- Generated by org.testng.reporters.JUnitXMLReporter -->
<testsuite ignored="0" hostname="NithyaLenova" failures="2" tests="2" name="Test" time="44.011" errors="0" timestamp="2025-03-15T15:14:44 CDT">
  <testcase classname="com.kodacars.qa.testscripts.AddReservationTest" name="AddReservationForWalkIn" time="17.723">
    <failure type="org.openqa.selenium.ElementClickInterceptedException" message="element click intercepted: Element &amp;lt;input aria-autocomplete=&amp;quot;list&amp;quot; type=&amp;quot;text&amp;quot; autocorrect=&amp;quot;off&amp;quot; autocapitalize=&amp;quot;off&amp;quot; autocomplete=&amp;quot;aebb1552360e&amp;quot;&amp;gt; is not clickable at point (578, 387). Other element would receive the click: &amp;lt;div _ngcontent-hxt-c111=&amp;quot;&amp;quot; class=&amp;quot;overlay ng-star-inserted&amp;quot;&amp;gt;&amp;lt;/div&amp;gt;
  (Session info: chrome=132.0.6834.160)
Build info: version: &amp;apos;4.27.0&amp;apos;, revision: &amp;apos;d6e718d134&amp;apos;
System info: os.name: &amp;apos;Windows 11&amp;apos;, os.arch: &amp;apos;amd64&amp;apos;, os.version: &amp;apos;10.0&amp;apos;, java.version: &amp;apos;23.0.1&amp;apos;
Driver info: org.openqa.selenium.chrome.ChromeDriver
Command: [cf2b5aea633d2f81b973dae5cebfede1, clickElement {id=f.FF4858C35A652EAA238BDA3FD92EFB27.d.B0222B8690FFCF3AFC527A8A114173B5.e.229}]
Capabilities {acceptInsecureCerts: false, browserName: chrome, browserVersion: 132.0.6834.160, chrome: {chromedriverVersion: 132.0.6834.159 (2d77d3fc445..., userDataDir: C:\Users\nithi\AppData\Loca...}, fedcm:accounts: true, goog:chromeOptions: {debuggerAddress: localhost:57165}, networkConnectionEnabled: false, pageLoadStrategy: normal, platformName: windows, proxy: Proxy(), se:cdp: ws://localhost:57165/devtoo..., se:cdpVersion: 132.0.6834.160, setWindowRect: true, strictFileInteractability: false, timeouts: {implicit: 0, pageLoad: 300000, script: 30000}, unhandledPromptBehavior: dismiss and notify, webauthn:extension:credBlob: true, webauthn:extension:largeBlob: true, webauthn:extension:minPinLength: true, webauthn:extension:prf: true, webauthn:virtualAuthenticators: true}
Element: [[ChromeDriver: chrome on windows (cf2b5aea633d2f81b973dae5cebfede1)] -&amp;gt; xpath: //div[@class=&amp;apos;col-3 form-group&amp;apos;]/ng-select[@formcontrolname=&amp;apos;make&amp;apos;]//input[@type=&amp;apos;text&amp;apos;]]
Session ID: cf2b5aea633d2f81b973dae5cebfede1">
      <![CDATA[org.openqa.selenium.ElementClickInterceptedException: element click intercepted: Element <input aria-autocomplete="list" type="text" autocorrect="off" autocapitalize="off" autocomplete="aebb1552360e"> is not clickable at point (578, 387). Other element would receive the click: <div _ngcontent-hxt-c111="" class="overlay ng-star-inserted"></div>
  (Session info: chrome=132.0.6834.160)
Build info: version: '4.27.0', revision: 'd6e718d134'
System info: os.name: 'Windows 11', os.arch: 'amd64', os.version: '10.0', java.version: '23.0.1'
Driver info: org.openqa.selenium.chrome.ChromeDriver
Command: [cf2b5aea633d2f81b973dae5cebfede1, clickElement {id=f.FF4858C35A652EAA238BDA3FD92EFB27.d.B0222B8690FFCF3AFC527A8A114173B5.e.229}]
Capabilities {acceptInsecureCerts: false, browserName: chrome, browserVersion: 132.0.6834.160, chrome: {chromedriverVersion: 132.0.6834.159 (2d77d3fc445..., userDataDir: C:\Users\nithi\AppData\Loca...}, fedcm:accounts: true, goog:chromeOptions: {debuggerAddress: localhost:57165}, networkConnectionEnabled: false, pageLoadStrategy: normal, platformName: windows, proxy: Proxy(), se:cdp: ws://localhost:57165/devtoo..., se:cdpVersion: 132.0.6834.160, setWindowRect: true, strictFileInteractability: false, timeouts: {implicit: 0, pageLoad: 300000, script: 30000}, unhandledPromptBehavior: dismiss and notify, webauthn:extension:credBlob: true, webauthn:extension:largeBlob: true, webauthn:extension:minPinLength: true, webauthn:extension:prf: true, webauthn:virtualAuthenticators: true}
Element: [[ChromeDriver: chrome on windows (cf2b5aea633d2f81b973dae5cebfede1)] -> xpath: //div[@class='col-3 form-group']/ng-select[@formcontrolname='make']//input[@type='text']]
Session ID: cf2b5aea633d2f81b973dae5cebfede1
at org.openqa.selenium.remote.ErrorCodec.decode(ErrorCodec.java:167)
at org.openqa.selenium.remote.codec.w3c.W3CHttpResponseCodec.decode(W3CHttpResponseCodec.java:138)
at org.openqa.selenium.remote.codec.w3c.W3CHttpResponseCodec.decode(W3CHttpResponseCodec.java:50)
at org.openqa.selenium.remote.HttpCommandExecutor.execute(HttpCommandExecutor.java:190)
at org.openqa.selenium.remote.service.DriverCommandExecutor.invokeExecute(DriverCommandExecutor.java:216)
at org.openqa.selenium.remote.service.DriverCommandExecutor.execute(DriverCommandExecutor.java:174)
at org.openqa.selenium.remote.RemoteWebDriver.execute(RemoteWebDriver.java:545)
at org.openqa.selenium.remote.RemoteWebElement.execute(RemoteWebElement.java:223)
at org.openqa.selenium.remote.RemoteWebElement.click(RemoteWebElement.java:76)
at org.openqa.selenium.support.pagefactory.internal.LocatingElementHandler.invoke(LocatingElementHandler.java:51)
at jdk.proxy2/jdk.proxy2.$Proxy36.click(Unknown Source)
at com.kodacars.qa.pageobjects.AddReservationPage.selectCarMake(AddReservationPage.java:354)
at com.kodacars.qa.testscripts.AddReservationTest.AddReservationForWalkIn(AddReservationTest.java:64)
at java.base/java.util.ArrayList.forEach(ArrayList.java:1597)
... Removed 30 stack frames]]>
    </failure>
  </testcase> <!-- AddReservationForWalkIn -->
  <testcase classname="com.kodacars.qa.testscripts.AddReservationTest" name="AddReservationForWalkIn" time="15.539">
    <failure type="org.openqa.selenium.ElementClickInterceptedException" message="element click intercepted: Element &amp;lt;input aria-autocomplete=&amp;quot;list&amp;quot; type=&amp;quot;text&amp;quot; autocorrect=&amp;quot;off&amp;quot; autocapitalize=&amp;quot;off&amp;quot; autocomplete=&amp;quot;ab7ba2bb3bb7&amp;quot;&amp;gt; is not clickable at point (578, 387). Other element would receive the click: &amp;lt;div _ngcontent-mgp-c111=&amp;quot;&amp;quot; class=&amp;quot;overlay ng-star-inserted&amp;quot;&amp;gt;&amp;lt;/div&amp;gt;
  (Session info: chrome=132.0.6834.160)
Build info: version: &amp;apos;4.27.0&amp;apos;, revision: &amp;apos;d6e718d134&amp;apos;
System info: os.name: &amp;apos;Windows 11&amp;apos;, os.arch: &amp;apos;amd64&amp;apos;, os.version: &amp;apos;10.0&amp;apos;, java.version: &amp;apos;23.0.1&amp;apos;
Driver info: org.openqa.selenium.chrome.ChromeDriver
Command: [84bf3e06f0d8194f1660ce4749d59b36, clickElement {id=f.257AFBF1058BDA5CC0FA293D39997092.d.4AE4C093D9ECE6D0C9618D5DFAB977E8.e.219}]
Capabilities {acceptInsecureCerts: false, browserName: chrome, browserVersion: 132.0.6834.160, chrome: {chromedriverVersion: 132.0.6834.159 (2d77d3fc445..., userDataDir: C:\Users\nithi\AppData\Loca...}, fedcm:accounts: true, goog:chromeOptions: {debuggerAddress: localhost:57212}, networkConnectionEnabled: false, pageLoadStrategy: normal, platformName: windows, proxy: Proxy(), se:cdp: ws://localhost:57212/devtoo..., se:cdpVersion: 132.0.6834.160, setWindowRect: true, strictFileInteractability: false, timeouts: {implicit: 0, pageLoad: 300000, script: 30000}, unhandledPromptBehavior: dismiss and notify, webauthn:extension:credBlob: true, webauthn:extension:largeBlob: true, webauthn:extension:minPinLength: true, webauthn:extension:prf: true, webauthn:virtualAuthenticators: true}
Element: [[ChromeDriver: chrome on windows (84bf3e06f0d8194f1660ce4749d59b36)] -&amp;gt; xpath: //div[@class=&amp;apos;col-3 form-group&amp;apos;]/ng-select[@formcontrolname=&amp;apos;make&amp;apos;]//input[@type=&amp;apos;text&amp;apos;]]
Session ID: 84bf3e06f0d8194f1660ce4749d59b36">
      <![CDATA[org.openqa.selenium.ElementClickInterceptedException: element click intercepted: Element <input aria-autocomplete="list" type="text" autocorrect="off" autocapitalize="off" autocomplete="ab7ba2bb3bb7"> is not clickable at point (578, 387). Other element would receive the click: <div _ngcontent-mgp-c111="" class="overlay ng-star-inserted"></div>
  (Session info: chrome=132.0.6834.160)
Build info: version: '4.27.0', revision: 'd6e718d134'
System info: os.name: 'Windows 11', os.arch: 'amd64', os.version: '10.0', java.version: '23.0.1'
Driver info: org.openqa.selenium.chrome.ChromeDriver
Command: [84bf3e06f0d8194f1660ce4749d59b36, clickElement {id=f.257AFBF1058BDA5CC0FA293D39997092.d.4AE4C093D9ECE6D0C9618D5DFAB977E8.e.219}]
Capabilities {acceptInsecureCerts: false, browserName: chrome, browserVersion: 132.0.6834.160, chrome: {chromedriverVersion: 132.0.6834.159 (2d77d3fc445..., userDataDir: C:\Users\nithi\AppData\Loca...}, fedcm:accounts: true, goog:chromeOptions: {debuggerAddress: localhost:57212}, networkConnectionEnabled: false, pageLoadStrategy: normal, platformName: windows, proxy: Proxy(), se:cdp: ws://localhost:57212/devtoo..., se:cdpVersion: 132.0.6834.160, setWindowRect: true, strictFileInteractability: false, timeouts: {implicit: 0, pageLoad: 300000, script: 30000}, unhandledPromptBehavior: dismiss and notify, webauthn:extension:credBlob: true, webauthn:extension:largeBlob: true, webauthn:extension:minPinLength: true, webauthn:extension:prf: true, webauthn:virtualAuthenticators: true}
Element: [[ChromeDriver: chrome on windows (84bf3e06f0d8194f1660ce4749d59b36)] -> xpath: //div[@class='col-3 form-group']/ng-select[@formcontrolname='make']//input[@type='text']]
Session ID: 84bf3e06f0d8194f1660ce4749d59b36
at org.openqa.selenium.remote.ErrorCodec.decode(ErrorCodec.java:167)
at org.openqa.selenium.remote.codec.w3c.W3CHttpResponseCodec.decode(W3CHttpResponseCodec.java:138)
at org.openqa.selenium.remote.codec.w3c.W3CHttpResponseCodec.decode(W3CHttpResponseCodec.java:50)
at org.openqa.selenium.remote.HttpCommandExecutor.execute(HttpCommandExecutor.java:190)
at org.openqa.selenium.remote.service.DriverCommandExecutor.invokeExecute(DriverCommandExecutor.java:216)
at org.openqa.selenium.remote.service.DriverCommandExecutor.execute(DriverCommandExecutor.java:174)
at org.openqa.selenium.remote.RemoteWebDriver.execute(RemoteWebDriver.java:545)
at org.openqa.selenium.remote.RemoteWebElement.execute(RemoteWebElement.java:223)
at org.openqa.selenium.remote.RemoteWebElement.click(RemoteWebElement.java:76)
at org.openqa.selenium.support.pagefactory.internal.LocatingElementHandler.invoke(LocatingElementHandler.java:51)
at jdk.proxy2/jdk.proxy2.$Proxy36.click(Unknown Source)
at com.kodacars.qa.pageobjects.AddReservationPage.selectCarMake(AddReservationPage.java:354)
at com.kodacars.qa.testscripts.AddReservationTest.AddReservationForWalkIn(AddReservationTest.java:64)
at java.base/java.util.ArrayList.forEach(ArrayList.java:1597)
... Removed 30 stack frames]]>
    </failure>
  </testcase> <!-- AddReservationForWalkIn -->
</testsuite> <!-- Test -->
