<?xml version="1.0" encoding="UTF-8"?>
<!-- Generated by org.testng.reporters.JUnitXMLReporter -->
<testsuite ignored="0" hostname="NithyaLenova" failures="0" tests="2" name="Test" time="66.98" errors="0" timestamp="2025-03-23T13:27:27 CDT">
  <testcase classname="com.kodacars.qa.testscripts.AddReservationThirdParyTest" name="AddReservationForThirdPartyCreateManually" time="49.689"/>
  <testcase classname="com.kodacars.qa.testscripts.AddReservationThirdParyTest" name="AddReservationConfirmationNumberSearch" time="7.609"/>
</testsuite> <!-- Test -->
