<?xml version="1.0" encoding="UTF-8"?>
<testng-results ignored="0" total="2" passed="2" failed="0" skipped="0">
  <reporter-output>
    <line>
      <![CDATA[onStart method Default test]]>
    </line>
    <line>
      <![CDATA[receiveCashOrCardPayment Test is starting.]]>
    </line>
    <line>
      <![CDATA[receiveCashOrCardPayment Test is succeed.]]>
    </line>
    <line>
      <![CDATA[receiveCashOrCardPayment Test is starting.]]>
    </line>
    <line>
      <![CDATA[receiveCashOrCardPayment Test is succeed.]]>
    </line>
  </reporter-output>
  <suite started-at="2025-04-04T10:27:56 CDT" name="Default suite" finished-at="2025-04-04T10:28:44 CDT" duration-ms="47466">
    <groups>
    </groups>
    <test started-at="2025-04-04T10:27:56 CDT" name="Default test" finished-at="2025-04-04T10:28:44 CDT" duration-ms="47466">
      <class name="com.kodacars.qa.testscripts.AddReservationKodaWalkinTest">
        <test-method is-config="true" signature="setup(java.lang.String)[pri:0, instance:com.kodacars.qa.testscripts.AddReservationKodaWalkinTest@43b9fd5]" started-at="2025-04-04T10:27:57 CDT" name="setup" finished-at="2025-04-04T10:28:00 CDT" duration-ms="2809" status="PASS">
          <params>
            <param index="0">
              <value>
                <![CDATA[Chrome]]>
              </value>
            </param>
          </params>
          <reporter-output>
          </reporter-output>
        </test-method> <!-- setup -->
        <test-method is-config="true" signature="login()[pri:0, instance:com.kodacars.qa.testscripts.AddReservationKodaWalkinTest@43b9fd5]" started-at="2025-04-04T10:28:00 CDT" name="login" finished-at="2025-04-04T10:28:00 CDT" duration-ms="350" status="PASS">
          <reporter-output>
          </reporter-output>
        </test-method> <!-- login -->
        <test-method signature="receiveCashOrCardPayment(java.util.Map)[pri:3, instance:com.kodacars.qa.testscripts.AddReservationKodaWalkinTest@43b9fd5]" started-at="2025-04-04T10:28:00 CDT" name="receiveCashOrCardPayment" data-provider="receivePayment" finished-at="2025-04-04T10:28:21 CDT" duration-ms="20861" status="PASS">
          <params>
            <param index="0">
              <value>
                <![CDATA[{confirmation Number=BRHM1065419, PaymentMode=Card, Card Reference No=4242 4242 4242 4242}]]>
              </value>
            </param>
          </params>
          <reporter-output>
            <line>
              <![CDATA[receiveCashOrCardPayment Test is starting.]]>
            </line>
            <line>
              <![CDATA[receiveCashOrCardPayment Test is succeed.]]>
            </line>
          </reporter-output>
        </test-method> <!-- receiveCashOrCardPayment -->
        <test-method is-config="true" signature="close()[pri:0, instance:com.kodacars.qa.testscripts.AddReservationKodaWalkinTest@43b9fd5]" started-at="2025-04-04T10:28:21 CDT" name="close" finished-at="2025-04-04T10:28:21 CDT" duration-ms="2" status="PASS">
          <reporter-output>
          </reporter-output>
        </test-method> <!-- close -->
        <test-method is-config="true" signature="setup(java.lang.String)[pri:0, instance:com.kodacars.qa.testscripts.AddReservationKodaWalkinTest@43b9fd5]" started-at="2025-04-04T10:28:21 CDT" name="setup" finished-at="2025-04-04T10:28:24 CDT" duration-ms="2920" status="PASS">
          <params>
            <param index="0">
              <value>
                <![CDATA[Chrome]]>
              </value>
            </param>
          </params>
          <reporter-output>
          </reporter-output>
        </test-method> <!-- setup -->
        <test-method is-config="true" signature="login()[pri:0, instance:com.kodacars.qa.testscripts.AddReservationKodaWalkinTest@43b9fd5]" started-at="2025-04-04T10:28:24 CDT" name="login" finished-at="2025-04-04T10:28:24 CDT" duration-ms="287" status="PASS">
          <reporter-output>
          </reporter-output>
        </test-method> <!-- login -->
        <test-method signature="receiveCashOrCardPayment(java.util.Map)[pri:3, instance:com.kodacars.qa.testscripts.AddReservationKodaWalkinTest@43b9fd5]" started-at="2025-04-04T10:28:24 CDT" name="receiveCashOrCardPayment" data-provider="receivePayment" finished-at="2025-04-04T10:28:44 CDT" duration-ms="19301" status="PASS">
          <params>
            <param index="0">
              <value>
                <![CDATA[{confirmation Number=BRHM1065420, PaymentMode=Cash, Card Reference No=0.0}]]>
              </value>
            </param>
          </params>
          <reporter-output>
            <line>
              <![CDATA[receiveCashOrCardPayment Test is starting.]]>
            </line>
            <line>
              <![CDATA[receiveCashOrCardPayment Test is succeed.]]>
            </line>
          </reporter-output>
        </test-method> <!-- receiveCashOrCardPayment -->
        <test-method is-config="true" signature="close()[pri:0, instance:com.kodacars.qa.testscripts.AddReservationKodaWalkinTest@43b9fd5]" started-at="2025-04-04T10:28:44 CDT" name="close" finished-at="2025-04-04T10:28:44 CDT" duration-ms="1" status="PASS">
          <reporter-output>
          </reporter-output>
        </test-method> <!-- close -->
      </class> <!-- com.kodacars.qa.testscripts.AddReservationKodaWalkinTest -->
    </test> <!-- Default test -->
  </suite> <!-- Default suite -->
</testng-results>
