<?xml version="1.0" encoding="UTF-8"?>
<testng-results ignored="0" total="1" passed="1" failed="0" skipped="0">
  <reporter-output>
  </reporter-output>
  <suite started-at="2025-01-21T18:01:13 CST" name="Suite" finished-at="2025-01-21T18:01:19 CST" duration-ms="5506">
    <groups>
    </groups>
    <test started-at="2025-01-21T18:01:13 CST" name="Test" finished-at="2025-01-21T18:01:19 CST" duration-ms="5506">
      <class name="kodacarsTestScripts.TC001_LoginTest">
        <test-method is-config="true" signature="setup(java.lang.String)[pri:0, instance:kodacarsTestScripts.TC001_LoginTest@6304101a]" started-at="2025-01-21T18:01:13 CST" name="setup" finished-at="2025-01-21T18:01:17 CST" duration-ms="4339" status="PASS">
          <params>
            <param index="0">
              <value>
                <![CDATA[Chrome]]>
              </value>
            </param>
          </params>
          <reporter-output>
          </reporter-output>
        </test-method> <!-- setup -->
        <test-method signature="ValidLoginCredentials()[pri:0, instance:kodacarsTestScripts.TC001_LoginTest@6304101a]" started-at="2025-01-21T18:01:18 CST" name="ValidLoginCredentials" finished-at="2025-01-21T18:01:19 CST" duration-ms="1004" status="PASS">
          <reporter-output>
          </reporter-output>
        </test-method> <!-- ValidLoginCredentials -->
        <test-method is-config="true" signature="close()[pri:0, instance:kodacarsTestScripts.TC001_LoginTest@6304101a]" started-at="2025-01-21T18:01:19 CST" name="close" finished-at="2025-01-21T18:01:19 CST" duration-ms="2" status="PASS">
          <reporter-output>
          </reporter-output>
        </test-method> <!-- close -->
      </class> <!-- kodacarsTestScripts.TC001_LoginTest -->
    </test> <!-- Test -->
  </suite> <!-- Suite -->
</testng-results>
