<?xml version="1.0" encoding="UTF-8"?>
<testng-results ignored="0" total="1" passed="0" failed="1" skipped="0">
  <reporter-output>
    <line>
      <![CDATA[onStart method Default test]]>
    </line>
    <line>
      <![CDATA[AddReservationConfirmationNumberSearch Test is starting.]]>
    </line>
    <line>
      <![CDATA[onTestFailureAddReservationConfirmationNumberSearch]]>
    </line>
  </reporter-output>
  <suite started-at="2025-04-07T17:35:56 CDT" name="Default suite" finished-at="2025-04-07T17:37:05 CDT" duration-ms="68896">
    <groups>
    </groups>
    <test started-at="2025-04-07T17:35:56 CDT" name="Default test" finished-at="2025-04-07T17:37:05 CDT" duration-ms="68896">
      <class name="com.kodacars.qa.testscripts.AddReservationKodaWalkinTest">
        <test-method is-config="true" signature="setup(java.lang.String)[pri:0, instance:com.kodacars.qa.testscripts.AddReservationKodaWalkinTest@79dc5318]" started-at="2025-04-07T17:35:57 CDT" name="setup" finished-at="2025-04-07T17:35:59 CDT" duration-ms="2872" status="PASS">
          <params>
            <param index="0">
              <value>
                <![CDATA[Chrome]]>
              </value>
            </param>
          </params>
          <reporter-output>
          </reporter-output>
        </test-method> <!-- setup -->
        <test-method is-config="true" signature="login()[pri:0, instance:com.kodacars.qa.testscripts.AddReservationKodaWalkinTest@79dc5318]" started-at="2025-04-07T17:36:00 CDT" name="login" finished-at="2025-04-07T17:36:00 CDT" duration-ms="275" status="PASS">
          <reporter-output>
          </reporter-output>
        </test-method> <!-- login -->
        <test-method signature="AddReservationConfirmationNumberSearch(java.util.Map)[pri:2, instance:com.kodacars.qa.testscripts.AddReservationKodaWalkinTest@79dc5318]" started-at="2025-04-07T17:36:00 CDT" name="AddReservationConfirmationNumberSearch" data-provider="ThirdpartyManuallyCreateConfirmationNumber" finished-at="2025-04-07T17:37:04 CDT" duration-ms="64176" status="FAIL">
          <params>
            <param index="0">
              <value>
                <![CDATA[{License Plate=Il75407, Prepaid Or Partial=Prepaid/Partial, State=Illinois, Car Color=Black, Model=Avalon, Make=Toyota, confirmation Number=CHAP456312, Select Source=CheapAirportParking}]]>
              </value>
            </param>
          </params>
          <exception class="java.lang.NullPointerException">
            <message>
              <![CDATA[Cannot invoke "org.openqa.selenium.WebElement.isDisplayed()" because "receivePaymentButton" is null]]>
            </message>
            <full-stacktrace>
              <![CDATA[java.lang.NullPointerException: Cannot invoke "org.openqa.selenium.WebElement.isDisplayed()" because "receivePaymentButton" is null
at com.kodacars.qa.pageobjects.AddReservationPage.isReceivePaymentMethodDispalyed(AddReservationPage.java:493)
at com.kodacars.qa.testscripts.AddReservationKodaWalkinTest.AddReservationConfirmationNumberSearch(AddReservationKodaWalkinTest.java:70)
at java.base/jdk.internal.reflect.DirectMethodHandleAccessor.invoke(DirectMethodHandleAccessor.java:103)
at java.base/java.lang.reflect.Method.invoke(Method.java:580)
at org.testng.internal.invokers.MethodInvocationHelper.invokeMethod(MethodInvocationHelper.java:141)
at org.testng.internal.invokers.TestInvoker.invokeMethod(TestInvoker.java:686)
at org.testng.internal.invokers.TestInvoker.invokeTestMethod(TestInvoker.java:230)
at org.testng.internal.invokers.MethodRunner.runInSequence(MethodRunner.java:63)
at org.testng.internal.invokers.TestInvoker$MethodInvocationAgent.invoke(TestInvoker.java:992)
at org.testng.internal.invokers.TestInvoker.invokeTestMethods(TestInvoker.java:203)
at org.testng.internal.invokers.TestMethodWorker.invokeTestMethods(TestMethodWorker.java:154)
at org.testng.internal.invokers.TestMethodWorker.run(TestMethodWorker.java:134)
at java.base/java.util.ArrayList.forEach(ArrayList.java:1597)
at org.testng.TestRunner.privateRun(TestRunner.java:739)
at org.testng.TestRunner.run(TestRunner.java:614)
at org.testng.SuiteRunner.runTest(SuiteRunner.java:421)
at org.testng.SuiteRunner.runSequentially(SuiteRunner.java:413)
at org.testng.SuiteRunner.privateRun(SuiteRunner.java:373)
at org.testng.SuiteRunner.run(SuiteRunner.java:312)
at org.testng.SuiteRunnerWorker.runSuite(SuiteRunnerWorker.java:52)
at org.testng.SuiteRunnerWorker.run(SuiteRunnerWorker.java:95)
at org.testng.TestNG.runSuitesSequentially(TestNG.java:1274)
at org.testng.TestNG.runSuitesLocally(TestNG.java:1208)
at org.testng.TestNG.runSuites(TestNG.java:1112)
at org.testng.TestNG.run(TestNG.java:1079)
at org.testng.remote.AbstractRemoteTestNG.run(AbstractRemoteTestNG.java:115)
at org.testng.remote.RemoteTestNG.initAndRun(RemoteTestNG.java:293)
at org.testng.remote.RemoteTestNG.main(RemoteTestNG.java:91)
]]>
            </full-stacktrace>
          </exception> <!-- java.lang.NullPointerException -->
          <reporter-output>
            <line>
              <![CDATA[AddReservationConfirmationNumberSearch Test is starting.]]>
            </line>
            <line>
              <![CDATA[onTestFailureAddReservationConfirmationNumberSearch]]>
            </line>
          </reporter-output>
        </test-method> <!-- AddReservationConfirmationNumberSearch -->
        <test-method is-config="true" signature="close()[pri:0, instance:com.kodacars.qa.testscripts.AddReservationKodaWalkinTest@79dc5318]" started-at="2025-04-07T17:37:04 CDT" name="close" finished-at="2025-04-07T17:37:05 CDT" duration-ms="312" status="PASS">
          <reporter-output>
          </reporter-output>
        </test-method> <!-- close -->
      </class> <!-- com.kodacars.qa.testscripts.AddReservationKodaWalkinTest -->
    </test> <!-- Default test -->
  </suite> <!-- Default suite -->
</testng-results>
