<?xml version="1.0" encoding="UTF-8"?>
<testng-results ignored="0" total="1" passed="1" failed="0" skipped="0">
  <reporter-output>
    <line>
      <![CDATA[onStart method Test]]>
    </line>
    <line>
      <![CDATA[AddReservationForWalkIn Test is starting.]]>
    </line>
    <line>
      <![CDATA[AddReservationForWalkIn Test is succeed.]]>
    </line>
  </reporter-output>
  <suite started-at="2025-03-06T09:43:10 CST" name="Suite" finished-at="2025-03-06T09:43:41 CST" duration-ms="30629">
    <groups>
    </groups>
    <test started-at="2025-03-06T09:43:10 CST" name="Test" finished-at="2025-03-06T09:43:41 CST" duration-ms="30629">
      <class name="com.kodacars.qa.testscripts.AddReservationTest">
        <test-method is-config="true" signature="setup(java.lang.String)[pri:0, instance:com.kodacars.qa.testscripts.AddReservationTest@82ea68c]" started-at="2025-03-06T09:43:11 CST" name="setup" finished-at="2025-03-06T09:43:15 CST" duration-ms="3997" status="PASS">
          <params>
            <param index="0">
              <value>
                <![CDATA[Chrome]]>
              </value>
            </param>
          </params>
          <reporter-output>
          </reporter-output>
        </test-method> <!-- setup -->
        <test-method signature="AddReservationForWalkIn()[pri:0, instance:com.kodacars.qa.testscripts.AddReservationTest@82ea68c]" started-at="2025-03-06T09:43:15 CST" name="AddReservationForWalkIn" finished-at="2025-03-06T09:43:41 CST" duration-ms="26034" status="PASS">
          <reporter-output>
            <line>
              <![CDATA[AddReservationForWalkIn Test is starting.]]>
            </line>
            <line>
              <![CDATA[AddReservationForWalkIn Test is succeed.]]>
            </line>
          </reporter-output>
        </test-method> <!-- AddReservationForWalkIn -->
        <test-method is-config="true" signature="close()[pri:0, instance:com.kodacars.qa.testscripts.AddReservationTest@82ea68c]" started-at="2025-03-06T09:43:41 CST" name="close" finished-at="2025-03-06T09:43:41 CST" duration-ms="4" status="PASS">
          <reporter-output>
          </reporter-output>
        </test-method> <!-- close -->
      </class> <!-- com.kodacars.qa.testscripts.AddReservationTest -->
    </test> <!-- Test -->
  </suite> <!-- Suite -->
</testng-results>
