<?xml version="1.0" encoding="UTF-8"?>
<testng-results ignored="0" total="7" passed="6" failed="1" skipped="0">
  <reporter-output>
    <line>
      <![CDATA[onStart method Test]]>
    </line>
    <line>
      <![CDATA[AddReservationForWalkIn Test is starting.]]>
    </line>
    <line>
      <![CDATA[AddReservationForWalkIn Test is succeed.]]>
    </line>
    <line>
      <![CDATA[AddReservationForWalkIn Test is starting.]]>
    </line>
    <line>
      <![CDATA[AddReservationForWalkIn Test is succeed.]]>
    </line>
    <line>
      <![CDATA[AddReservationForKoda Test is starting.]]>
    </line>
    <line>
      <![CDATA[AddReservationForKoda Test is succeed.]]>
    </line>
    <line>
      <![CDATA[AddReservationForKoda Test is starting.]]>
    </line>
    <line>
      <![CDATA[AddReservationForKoda Test is succeed.]]>
    </line>
    <line>
      <![CDATA[AddReservationForThirdPartyCreateManually Test is starting.]]>
    </line>
    <line>
      <![CDATA[AddReservationForThirdPartyCreateManually Test is succeed.]]>
    </line>
    <line>
      <![CDATA[AddReservationConfirmationNumberSearch Test is starting.]]>
    </line>
    <line>
      <![CDATA[AddReservationConfirmationNumberSearch Test is succeed.]]>
    </line>
    <line>
      <![CDATA[DashboardThirdPartyReservationLink Test is starting.]]>
    </line>
    <line>
      <![CDATA[onTestFailureDashboardThirdPartyReservationLink]]>
    </line>
  </reporter-output>
  <suite started-at="2025-03-25T17:07:13 CDT" name="Suite" finished-at="2025-03-25T17:13:57 CDT" duration-ms="404429">
    <groups>
    </groups>
    <test started-at="2025-03-25T17:07:13 CDT" name="Test" finished-at="2025-03-25T17:13:57 CDT" duration-ms="404429">
      <class name="com.kodacars.qa.testscripts.ThirdPartyReservationLinkTest">
        <test-method is-config="true" signature="setup(java.lang.String)[pri:0, instance:com.kodacars.qa.testscripts.ThirdPartyReservationLinkTest@1f53a5dc]" started-at="2025-03-25T17:12:24 CDT" name="setup" finished-at="2025-03-25T17:12:27 CDT" duration-ms="3181" status="PASS">
          <params>
            <param index="0">
              <value>
                <![CDATA[Chrome]]>
              </value>
            </param>
          </params>
          <reporter-output>
          </reporter-output>
        </test-method> <!-- setup -->
        <test-method signature="DashboardThirdPartyReservationLink()[pri:0, instance:com.kodacars.qa.testscripts.ThirdPartyReservationLinkTest@1f53a5dc]" started-at="2025-03-25T17:12:27 CDT" name="DashboardThirdPartyReservationLink" finished-at="2025-03-25T17:13:56 CDT" duration-ms="88219" status="FAIL">
          <exception class="org.openqa.selenium.TimeoutException">
            <message>
              <![CDATA[Expected condition failed: waiting for presence of element located by: By.xpath: //button[contains(text(),'Receive Payment')] (tried for 50 second(s) with 500 milliseconds interval)]]>
            </message>
            <full-stacktrace>
              <![CDATA[org.openqa.selenium.TimeoutException: Expected condition failed: waiting for presence of element located by: By.xpath: //button[contains(text(),'Receive Payment')] (tried for 50 second(s) with 500 milliseconds interval)
at org.openqa.selenium.support.ui.WebDriverWait.timeoutException(WebDriverWait.java:84)
at org.openqa.selenium.support.ui.FluentWait.until(FluentWait.java:228)
at com.kodacars.qa.pageobjects.AddReservationPage.clickReceivePayment(AddReservationPage.java:468)
at com.kodacars.qa.testscripts.ThirdPartyReservationLinkTest.DashboardThirdPartyReservationLink(ThirdPartyReservationLinkTest.java:31)
at java.base/jdk.internal.reflect.DirectMethodHandleAccessor.invoke(DirectMethodHandleAccessor.java:103)
at java.base/java.lang.reflect.Method.invoke(Method.java:580)
at org.testng.internal.invokers.MethodInvocationHelper.invokeMethod(MethodInvocationHelper.java:141)
at org.testng.internal.invokers.TestInvoker.invokeMethod(TestInvoker.java:686)
at org.testng.internal.invokers.TestInvoker.invokeTestMethod(TestInvoker.java:230)
at org.testng.internal.invokers.MethodRunner.runInSequence(MethodRunner.java:63)
at org.testng.internal.invokers.TestInvoker$MethodInvocationAgent.invoke(TestInvoker.java:992)
at org.testng.internal.invokers.TestInvoker.invokeTestMethods(TestInvoker.java:203)
at org.testng.internal.invokers.TestMethodWorker.invokeTestMethods(TestMethodWorker.java:154)
at org.testng.internal.invokers.TestMethodWorker.run(TestMethodWorker.java:134)
at java.base/java.util.ArrayList.forEach(ArrayList.java:1597)
at org.testng.TestRunner.privateRun(TestRunner.java:739)
at org.testng.TestRunner.run(TestRunner.java:614)
at org.testng.SuiteRunner.runTest(SuiteRunner.java:421)
at org.testng.SuiteRunner.runSequentially(SuiteRunner.java:413)
at org.testng.SuiteRunner.privateRun(SuiteRunner.java:373)
at org.testng.SuiteRunner.run(SuiteRunner.java:312)
at org.testng.SuiteRunnerWorker.runSuite(SuiteRunnerWorker.java:52)
at org.testng.SuiteRunnerWorker.run(SuiteRunnerWorker.java:95)
at org.testng.TestNG.runSuitesSequentially(TestNG.java:1274)
at org.testng.TestNG.runSuitesLocally(TestNG.java:1208)
at org.testng.TestNG.runSuites(TestNG.java:1112)
at org.testng.TestNG.run(TestNG.java:1079)
at org.testng.remote.AbstractRemoteTestNG.run(AbstractRemoteTestNG.java:115)
at org.testng.remote.RemoteTestNG.initAndRun(RemoteTestNG.java:293)
at org.testng.remote.RemoteTestNG.main(RemoteTestNG.java:91)
Caused by: org.openqa.selenium.NoSuchElementException: no such element: Unable to locate element: {"method":"xpath","selector":"//button[contains(text(),'Receive Payment')]"}
  (Session info: chrome=134.0.6998.89)
For documentation on this error, please visit: https://www.selenium.dev/documentation/webdriver/troubleshooting/errors#no-such-element-exception
Build info: version: '4.27.0', revision: 'd6e718d134'
System info: os.name: 'Windows 11', os.arch: 'amd64', os.version: '10.0', java.version: '23.0.1'
Driver info: org.openqa.selenium.chrome.ChromeDriver
Command: [8e64c75ab587da8cd98418c1638eaf67, findElement {value=//button[contains(text(),'Receive Payment')], using=xpath}]
Capabilities {acceptInsecureCerts: false, browserName: chrome, browserVersion: 134.0.6998.89, chrome: {chromedriverVersion: 134.0.6998.165 (fd886e2cb29..., userDataDir: C:\Users\nithi\AppData\Loca...}, fedcm:accounts: true, goog:chromeOptions: {debuggerAddress: localhost:55588}, networkConnectionEnabled: false, pageLoadStrategy: normal, platformName: windows, proxy: Proxy(), se:cdp: ws://localhost:55588/devtoo..., se:cdpVersion: 134.0.6998.89, setWindowRect: true, strictFileInteractability: false, timeouts: {implicit: 0, pageLoad: 300000, script: 30000}, unhandledPromptBehavior: dismiss and notify, webauthn:extension:credBlob: true, webauthn:extension:largeBlob: true, webauthn:extension:minPinLength: true, webauthn:extension:prf: true, webauthn:virtualAuthenticators: true}
Session ID: 8e64c75ab587da8cd98418c1638eaf67
at java.base/jdk.internal.reflect.DirectConstructorHandleAccessor.newInstance(DirectConstructorHandleAccessor.java:62)
at java.base/java.lang.reflect.Constructor.newInstanceWithCaller(Constructor.java:501)
at java.base/java.lang.reflect.Constructor.newInstance(Constructor.java:485)
at org.openqa.selenium.remote.ErrorCodec.decode(ErrorCodec.java:167)
at org.openqa.selenium.remote.codec.w3c.W3CHttpResponseCodec.decode(W3CHttpResponseCodec.java:138)
at org.openqa.selenium.remote.codec.w3c.W3CHttpResponseCodec.decode(W3CHttpResponseCodec.java:50)
at org.openqa.selenium.remote.HttpCommandExecutor.execute(HttpCommandExecutor.java:190)
at org.openqa.selenium.remote.service.DriverCommandExecutor.invokeExecute(DriverCommandExecutor.java:216)
at org.openqa.selenium.remote.service.DriverCommandExecutor.execute(DriverCommandExecutor.java:174)
at org.openqa.selenium.remote.RemoteWebDriver.execute(RemoteWebDriver.java:545)
at org.openqa.selenium.remote.ElementLocation$ElementFinder$2.findElement(ElementLocation.java:165)
at org.openqa.selenium.remote.ElementLocation.findElement(ElementLocation.java:59)
at org.openqa.selenium.remote.RemoteWebDriver.findElement(RemoteWebDriver.java:368)
at org.openqa.selenium.remote.RemoteWebDriver.findElement(RemoteWebDriver.java:362)
at org.openqa.selenium.support.ui.ExpectedConditions$6.apply(ExpectedConditions.java:171)
at org.openqa.selenium.support.ui.ExpectedConditions$6.apply(ExpectedConditions.java:168)
at org.openqa.selenium.support.ui.FluentWait.until(FluentWait.java:203)
... 28 more
]]>
            </full-stacktrace>
          </exception> <!-- org.openqa.selenium.TimeoutException -->
          <reporter-output>
            <line>
              <![CDATA[DashboardThirdPartyReservationLink Test is starting.]]>
            </line>
            <line>
              <![CDATA[onTestFailureDashboardThirdPartyReservationLink]]>
            </line>
          </reporter-output>
        </test-method> <!-- DashboardThirdPartyReservationLink -->
        <test-method is-config="true" signature="close()[pri:0, instance:com.kodacars.qa.testscripts.ThirdPartyReservationLinkTest@1f53a5dc]" started-at="2025-03-25T17:13:56 CDT" name="close" finished-at="2025-03-25T17:13:57 CDT" duration-ms="1542" status="PASS">
          <reporter-output>
          </reporter-output>
        </test-method> <!-- close -->
      </class> <!-- com.kodacars.qa.testscripts.ThirdPartyReservationLinkTest -->
      <class name="com.kodacars.qa.testscripts.AddReservationThirdParyTest">
        <test-method is-config="true" signature="setup(java.lang.String)[pri:0, instance:com.kodacars.qa.testscripts.AddReservationThirdParyTest@413f69cc]" started-at="2025-03-25T17:10:52 CDT" name="setup" finished-at="2025-03-25T17:10:55 CDT" duration-ms="3211" status="PASS">
          <params>
            <param index="0">
              <value>
                <![CDATA[Chrome]]>
              </value>
            </param>
          </params>
          <reporter-output>
          </reporter-output>
        </test-method> <!-- setup -->
        <test-method signature="AddReservationForThirdPartyCreateManually(java.util.Map)[pri:0, instance:com.kodacars.qa.testscripts.AddReservationThirdParyTest@413f69cc]" started-at="2025-03-25T17:10:55 CDT" name="AddReservationForThirdPartyCreateManually" data-provider="ThirdpartyManuallyCreateConfirmationNumber" finished-at="2025-03-25T17:12:05 CDT" duration-ms="69036" status="PASS">
          <params>
            <param index="0">
              <value>
                <![CDATA[{License Plate=Il75400, Prepaid Or Partial=Prepaid/Partial, State=Illinois, Car Color=Black, Model=Avalon, Make=Toyota, confirmation Number=CHAP25612, Select Source=CheapAirportParking}]]>
              </value>
            </param>
          </params>
          <reporter-output>
            <line>
              <![CDATA[AddReservationForThirdPartyCreateManually Test is starting.]]>
            </line>
            <line>
              <![CDATA[AddReservationForThirdPartyCreateManually Test is succeed.]]>
            </line>
          </reporter-output>
        </test-method> <!-- AddReservationForThirdPartyCreateManually -->
        <test-method is-config="true" signature="close()[pri:0, instance:com.kodacars.qa.testscripts.AddReservationThirdParyTest@413f69cc]" started-at="2025-03-25T17:12:05 CDT" name="close" finished-at="2025-03-25T17:12:06 CDT" duration-ms="1215" status="PASS">
          <reporter-output>
          </reporter-output>
        </test-method> <!-- close -->
        <test-method is-config="true" signature="setup(java.lang.String)[pri:0, instance:com.kodacars.qa.testscripts.AddReservationThirdParyTest@413f69cc]" started-at="2025-03-25T17:12:07 CDT" name="setup" finished-at="2025-03-25T17:12:10 CDT" duration-ms="3539" status="PASS">
          <params>
            <param index="0">
              <value>
                <![CDATA[Chrome]]>
              </value>
            </param>
          </params>
          <reporter-output>
          </reporter-output>
        </test-method> <!-- setup -->
        <test-method signature="AddReservationConfirmationNumberSearch(java.util.Map)[pri:1, instance:com.kodacars.qa.testscripts.AddReservationThirdParyTest@413f69cc]" started-at="2025-03-25T17:12:10 CDT" name="AddReservationConfirmationNumberSearch" data-provider="SearchThirdpartyConfirmationNumber" finished-at="2025-03-25T17:12:23 CDT" duration-ms="12162" status="PASS">
          <params>
            <param index="0">
              <value>
                <![CDATA[{License Plate=Il75400, Prepaid Or Partial=Prepaid/Partial, State=Illinois, Car Color=Black, Model=Avalon, Make=Toyota, confirmation Number=CHAP25612, Select Source=CheapAirportParking}]]>
              </value>
            </param>
          </params>
          <reporter-output>
            <line>
              <![CDATA[AddReservationConfirmationNumberSearch Test is starting.]]>
            </line>
            <line>
              <![CDATA[AddReservationConfirmationNumberSearch Test is succeed.]]>
            </line>
          </reporter-output>
        </test-method> <!-- AddReservationConfirmationNumberSearch -->
        <test-method is-config="true" signature="close()[pri:0, instance:com.kodacars.qa.testscripts.AddReservationThirdParyTest@413f69cc]" started-at="2025-03-25T17:12:23 CDT" name="close" finished-at="2025-03-25T17:12:24 CDT" duration-ms="1551" status="PASS">
          <reporter-output>
          </reporter-output>
        </test-method> <!-- close -->
      </class> <!-- com.kodacars.qa.testscripts.AddReservationThirdParyTest -->
      <class name="com.kodacars.qa.testscripts.AddReservationWalkInTest">
        <test-method is-config="true" signature="setup(java.lang.String)[pri:0, instance:com.kodacars.qa.testscripts.AddReservationWalkInTest@3af0a9da]" started-at="2025-03-25T17:07:14 CDT" name="setup" finished-at="2025-03-25T17:07:17 CDT" duration-ms="2460" status="PASS">
          <params>
            <param index="0">
              <value>
                <![CDATA[Chrome]]>
              </value>
            </param>
          </params>
          <reporter-output>
          </reporter-output>
        </test-method> <!-- setup -->
        <test-method signature="AddReservationForWalkIn(java.util.Map)[pri:0, instance:com.kodacars.qa.testscripts.AddReservationWalkInTest@3af0a9da]" started-at="2025-03-25T17:07:17 CDT" name="AddReservationForWalkIn" data-provider="WalkIn" finished-at="2025-03-25T17:08:06 CDT" duration-ms="49720" status="PASS">
          <params>
            <param index="0">
              <value>
                <![CDATA[{Model=Avalon, License Plate=Il75486, Make=Toyota, Select Source=Walk-in, State=Illinois, Car Color=Black}]]>
              </value>
            </param>
          </params>
          <reporter-output>
            <line>
              <![CDATA[AddReservationForWalkIn Test is starting.]]>
            </line>
            <line>
              <![CDATA[AddReservationForWalkIn Test is succeed.]]>
            </line>
          </reporter-output>
        </test-method> <!-- AddReservationForWalkIn -->
        <test-method is-config="true" signature="close()[pri:0, instance:com.kodacars.qa.testscripts.AddReservationWalkInTest@3af0a9da]" started-at="2025-03-25T17:08:06 CDT" name="close" finished-at="2025-03-25T17:08:07 CDT" duration-ms="518" status="PASS">
          <reporter-output>
          </reporter-output>
        </test-method> <!-- close -->
        <test-method is-config="true" signature="setup(java.lang.String)[pri:0, instance:com.kodacars.qa.testscripts.AddReservationWalkInTest@3af0a9da]" started-at="2025-03-25T17:08:07 CDT" name="setup" finished-at="2025-03-25T17:08:09 CDT" duration-ms="1768" status="PASS">
          <params>
            <param index="0">
              <value>
                <![CDATA[Chrome]]>
              </value>
            </param>
          </params>
          <reporter-output>
          </reporter-output>
        </test-method> <!-- setup -->
        <test-method signature="AddReservationForWalkIn(java.util.Map)[pri:0, instance:com.kodacars.qa.testscripts.AddReservationWalkInTest@3af0a9da]" started-at="2025-03-25T17:08:09 CDT" name="AddReservationForWalkIn" data-provider="WalkIn" finished-at="2025-03-25T17:08:57 CDT" duration-ms="47930" status="PASS">
          <params>
            <param index="0">
              <value>
                <![CDATA[{Model=Camry, License Plate=AR75487, Make=Toyota, Select Source=Walk-in, State=Arizona, Car Color=White}]]>
              </value>
            </param>
          </params>
          <reporter-output>
            <line>
              <![CDATA[AddReservationForWalkIn Test is starting.]]>
            </line>
            <line>
              <![CDATA[AddReservationForWalkIn Test is succeed.]]>
            </line>
          </reporter-output>
        </test-method> <!-- AddReservationForWalkIn -->
        <test-method is-config="true" signature="close()[pri:0, instance:com.kodacars.qa.testscripts.AddReservationWalkInTest@3af0a9da]" started-at="2025-03-25T17:08:57 CDT" name="close" finished-at="2025-03-25T17:08:58 CDT" duration-ms="893" status="PASS">
          <reporter-output>
          </reporter-output>
        </test-method> <!-- close -->
      </class> <!-- com.kodacars.qa.testscripts.AddReservationWalkInTest -->
      <class name="com.kodacars.qa.testscripts.AddReservationKodaTest">
        <test-method is-config="true" signature="setup(java.lang.String)[pri:0, instance:com.kodacars.qa.testscripts.AddReservationKodaTest@7e5c856f]" started-at="2025-03-25T17:08:59 CDT" name="setup" finished-at="2025-03-25T17:09:02 CDT" duration-ms="3414" status="PASS">
          <params>
            <param index="0">
              <value>
                <![CDATA[Chrome]]>
              </value>
            </param>
          </params>
          <reporter-output>
          </reporter-output>
        </test-method> <!-- setup -->
        <test-method signature="AddReservationForKoda(java.util.Map)[pri:0, instance:com.kodacars.qa.testscripts.AddReservationKodaTest@7e5c856f]" started-at="2025-03-25T17:09:02 CDT" name="AddReservationForKoda" data-provider="KodaAddVehicle" finished-at="2025-03-25T17:09:53 CDT" duration-ms="50960" status="PASS">
          <params>
            <param index="0">
              <value>
                <![CDATA[{License Plate=NC45765, State=North Carolina, Car Color=Black, Model=Avalon, Reservation Prepaid=Non Prepaid, Make=Toyota, Select Source=Koda}]]>
              </value>
            </param>
          </params>
          <reporter-output>
            <line>
              <![CDATA[AddReservationForKoda Test is starting.]]>
            </line>
            <line>
              <![CDATA[AddReservationForKoda Test is succeed.]]>
            </line>
          </reporter-output>
        </test-method> <!-- AddReservationForKoda -->
        <test-method is-config="true" signature="close()[pri:0, instance:com.kodacars.qa.testscripts.AddReservationKodaTest@7e5c856f]" started-at="2025-03-25T17:09:53 CDT" name="close" finished-at="2025-03-25T17:09:55 CDT" duration-ms="1177" status="PASS">
          <reporter-output>
          </reporter-output>
        </test-method> <!-- close -->
        <test-method is-config="true" signature="setup(java.lang.String)[pri:0, instance:com.kodacars.qa.testscripts.AddReservationKodaTest@7e5c856f]" started-at="2025-03-25T17:09:55 CDT" name="setup" finished-at="2025-03-25T17:09:58 CDT" duration-ms="3162" status="PASS">
          <params>
            <param index="0">
              <value>
                <![CDATA[Chrome]]>
              </value>
            </param>
          </params>
          <reporter-output>
          </reporter-output>
        </test-method> <!-- setup -->
        <test-method signature="AddReservationForKoda(java.util.Map)[pri:0, instance:com.kodacars.qa.testscripts.AddReservationKodaTest@7e5c856f]" started-at="2025-03-25T17:09:58 CDT" name="AddReservationForKoda" data-provider="KodaAddVehicle" finished-at="2025-03-25T17:10:50 CDT" duration-ms="52269" status="PASS">
          <params>
            <param index="0">
              <value>
                <![CDATA[{License Plate=NJ75486, State=New Jersey, Car Color=Gray, Model=Echo, Reservation Prepaid=Non Prepaid, Make=Toyota, Select Source=Koda}]]>
              </value>
            </param>
          </params>
          <reporter-output>
            <line>
              <![CDATA[AddReservationForKoda Test is starting.]]>
            </line>
            <line>
              <![CDATA[AddReservationForKoda Test is succeed.]]>
            </line>
          </reporter-output>
        </test-method> <!-- AddReservationForKoda -->
        <test-method is-config="true" signature="close()[pri:0, instance:com.kodacars.qa.testscripts.AddReservationKodaTest@7e5c856f]" started-at="2025-03-25T17:10:50 CDT" name="close" finished-at="2025-03-25T17:10:52 CDT" duration-ms="1643" status="PASS">
          <reporter-output>
          </reporter-output>
        </test-method> <!-- close -->
      </class> <!-- com.kodacars.qa.testscripts.AddReservationKodaTest -->
    </test> <!-- Test -->
  </suite> <!-- Suite -->
</testng-results>
