<?xml version="1.0" encoding="UTF-8"?>
<testng-results ignored="0" total="7" passed="6" failed="1" skipped="0">
  <reporter-output>
    <line>
      <![CDATA[onStart method Test]]>
    </line>
    <line>
      <![CDATA[AddReservationForWalkIn Test is starting.]]>
    </line>
    <line>
      <![CDATA[AddReservationForWalkIn Test is succeed.]]>
    </line>
    <line>
      <![CDATA[AddReservationForWalkIn Test is starting.]]>
    </line>
    <line>
      <![CDATA[AddReservationForWalkIn Test is succeed.]]>
    </line>
    <line>
      <![CDATA[AddReservationForWalkIn Test is starting.]]>
    </line>
    <line>
      <![CDATA[AddReservationForWalkIn Test is succeed.]]>
    </line>
    <line>
      <![CDATA[AddReservationForWalkIn Test is starting.]]>
    </line>
    <line>
      <![CDATA[AddReservationForWalkIn Test is succeed.]]>
    </line>
    <line>
      <![CDATA[AddReservationForThirdPartyCreateManually Test is starting.]]>
    </line>
    <line>
      <![CDATA[AddReservationForThirdPartyCreateManually Test is succeed.]]>
    </line>
    <line>
      <![CDATA[AddReservationConfirmationNumberSearch Test is starting.]]>
    </line>
    <line>
      <![CDATA[AddReservationConfirmationNumberSearch Test is succeed.]]>
    </line>
    <line>
      <![CDATA[DashboardThirdPartyReservationLink Test is starting.]]>
    </line>
    <line>
      <![CDATA[onTestFailureDashboardThirdPartyReservationLink]]>
    </line>
  </reporter-output>
  <suite started-at="2025-03-31T11:10:10 CDT" name="Suite" finished-at="2025-03-31T11:16:37 CDT" duration-ms="386929">
    <groups>
    </groups>
    <test started-at="2025-03-31T11:10:10 CDT" name="Test" finished-at="2025-03-31T11:16:37 CDT" duration-ms="386929">
      <class name="com.kodacars.qa.testscripts.AddReservationKodaWalkinTest">
        <test-method is-config="true" signature="setup(java.lang.String)[pri:0, instance:com.kodacars.qa.testscripts.AddReservationKodaWalkinTest@1115ec15]" started-at="2025-03-31T11:10:11 CDT" name="setup" finished-at="2025-03-31T11:10:15 CDT" duration-ms="3474" status="PASS">
          <params>
            <param index="0">
              <value>
                <![CDATA[Chrome]]>
              </value>
            </param>
          </params>
          <reporter-output>
          </reporter-output>
        </test-method> <!-- setup -->
        <test-method is-config="true" signature="login()[pri:0, instance:com.kodacars.qa.testscripts.AddReservationKodaWalkinTest@1115ec15]" started-at="2025-03-31T11:10:15 CDT" name="login" finished-at="2025-03-31T11:10:15 CDT" duration-ms="273" status="PASS">
          <reporter-output>
          </reporter-output>
        </test-method> <!-- login -->
        <test-method signature="AddReservationForWalkIn(java.util.Map)[pri:0, instance:com.kodacars.qa.testscripts.AddReservationKodaWalkinTest@1115ec15]" started-at="2025-03-31T11:10:15 CDT" name="AddReservationForWalkIn" data-provider="KodaWalkIn" finished-at="2025-03-31T11:11:11 CDT" duration-ms="55706" status="PASS">
          <params>
            <param index="0">
              <value>
                <![CDATA[{License Plate=NC45769, State=North Carolina, Car Color=Black, Model=Avalon, Reservation Prepaid=Non Prepaid, Make=Toyota, Select Source=Koda}]]>
              </value>
            </param>
          </params>
          <reporter-output>
            <line>
              <![CDATA[AddReservationForWalkIn Test is starting.]]>
            </line>
            <line>
              <![CDATA[AddReservationForWalkIn Test is succeed.]]>
            </line>
          </reporter-output>
        </test-method> <!-- AddReservationForWalkIn -->
        <test-method is-config="true" signature="close()[pri:0, instance:com.kodacars.qa.testscripts.AddReservationKodaWalkinTest@1115ec15]" started-at="2025-03-31T11:11:11 CDT" name="close" finished-at="2025-03-31T11:11:12 CDT" duration-ms="1276" status="PASS">
          <reporter-output>
          </reporter-output>
        </test-method> <!-- close -->
        <test-method is-config="true" signature="setup(java.lang.String)[pri:0, instance:com.kodacars.qa.testscripts.AddReservationKodaWalkinTest@1115ec15]" started-at="2025-03-31T11:11:12 CDT" name="setup" finished-at="2025-03-31T11:11:15 CDT" duration-ms="3238" status="PASS">
          <params>
            <param index="0">
              <value>
                <![CDATA[Chrome]]>
              </value>
            </param>
          </params>
          <reporter-output>
          </reporter-output>
        </test-method> <!-- setup -->
        <test-method is-config="true" signature="login()[pri:0, instance:com.kodacars.qa.testscripts.AddReservationKodaWalkinTest@1115ec15]" started-at="2025-03-31T11:11:15 CDT" name="login" finished-at="2025-03-31T11:11:16 CDT" duration-ms="305" status="PASS">
          <reporter-output>
          </reporter-output>
        </test-method> <!-- login -->
        <test-method signature="AddReservationForWalkIn(java.util.Map)[pri:0, instance:com.kodacars.qa.testscripts.AddReservationKodaWalkinTest@1115ec15]" started-at="2025-03-31T11:11:16 CDT" name="AddReservationForWalkIn" data-provider="KodaWalkIn" finished-at="2025-03-31T11:12:11 CDT" duration-ms="54944" status="PASS">
          <params>
            <param index="0">
              <value>
                <![CDATA[{License Plate=NJ75445, State=New Jersey, Car Color=Gray, Model=Echo, Reservation Prepaid=Non Prepaid, Make=Toyota, Select Source=Koda}]]>
              </value>
            </param>
          </params>
          <reporter-output>
            <line>
              <![CDATA[AddReservationForWalkIn Test is starting.]]>
            </line>
            <line>
              <![CDATA[AddReservationForWalkIn Test is succeed.]]>
            </line>
          </reporter-output>
        </test-method> <!-- AddReservationForWalkIn -->
        <test-method is-config="true" signature="close()[pri:0, instance:com.kodacars.qa.testscripts.AddReservationKodaWalkinTest@1115ec15]" started-at="2025-03-31T11:12:11 CDT" name="close" finished-at="2025-03-31T11:12:12 CDT" duration-ms="1253" status="PASS">
          <reporter-output>
          </reporter-output>
        </test-method> <!-- close -->
        <test-method is-config="true" signature="setup(java.lang.String)[pri:0, instance:com.kodacars.qa.testscripts.AddReservationKodaWalkinTest@1115ec15]" started-at="2025-03-31T11:12:12 CDT" name="setup" finished-at="2025-03-31T11:12:15 CDT" duration-ms="3485" status="PASS">
          <params>
            <param index="0">
              <value>
                <![CDATA[Chrome]]>
              </value>
            </param>
          </params>
          <reporter-output>
          </reporter-output>
        </test-method> <!-- setup -->
        <test-method is-config="true" signature="login()[pri:0, instance:com.kodacars.qa.testscripts.AddReservationKodaWalkinTest@1115ec15]" started-at="2025-03-31T11:12:15 CDT" name="login" finished-at="2025-03-31T11:12:16 CDT" duration-ms="337" status="PASS">
          <reporter-output>
          </reporter-output>
        </test-method> <!-- login -->
        <test-method signature="AddReservationForWalkIn(java.util.Map)[pri:0, instance:com.kodacars.qa.testscripts.AddReservationKodaWalkinTest@1115ec15]" started-at="2025-03-31T11:12:16 CDT" name="AddReservationForWalkIn" data-provider="KodaWalkIn" finished-at="2025-03-31T11:13:07 CDT" duration-ms="51223" status="PASS">
          <params>
            <param index="0">
              <value>
                <![CDATA[{License Plate=Il754845, State=Illinois, Car Color=Black, Model=Avalon, Reservation Prepaid=Non Prepaid, Make=Toyota, Select Source=Walk-in}]]>
              </value>
            </param>
          </params>
          <reporter-output>
            <line>
              <![CDATA[AddReservationForWalkIn Test is starting.]]>
            </line>
            <line>
              <![CDATA[AddReservationForWalkIn Test is succeed.]]>
            </line>
          </reporter-output>
        </test-method> <!-- AddReservationForWalkIn -->
        <test-method is-config="true" signature="close()[pri:0, instance:com.kodacars.qa.testscripts.AddReservationKodaWalkinTest@1115ec15]" started-at="2025-03-31T11:13:07 CDT" name="close" finished-at="2025-03-31T11:13:08 CDT" duration-ms="1123" status="PASS">
          <reporter-output>
          </reporter-output>
        </test-method> <!-- close -->
        <test-method is-config="true" signature="setup(java.lang.String)[pri:0, instance:com.kodacars.qa.testscripts.AddReservationKodaWalkinTest@1115ec15]" started-at="2025-03-31T11:13:08 CDT" name="setup" finished-at="2025-03-31T11:13:11 CDT" duration-ms="3147" status="PASS">
          <params>
            <param index="0">
              <value>
                <![CDATA[Chrome]]>
              </value>
            </param>
          </params>
          <reporter-output>
          </reporter-output>
        </test-method> <!-- setup -->
        <test-method is-config="true" signature="login()[pri:0, instance:com.kodacars.qa.testscripts.AddReservationKodaWalkinTest@1115ec15]" started-at="2025-03-31T11:13:11 CDT" name="login" finished-at="2025-03-31T11:13:12 CDT" duration-ms="372" status="PASS">
          <reporter-output>
          </reporter-output>
        </test-method> <!-- login -->
        <test-method signature="AddReservationForWalkIn(java.util.Map)[pri:0, instance:com.kodacars.qa.testscripts.AddReservationKodaWalkinTest@1115ec15]" started-at="2025-03-31T11:13:12 CDT" name="AddReservationForWalkIn" data-provider="KodaWalkIn" finished-at="2025-03-31T11:14:01 CDT" duration-ms="49713" status="PASS">
          <params>
            <param index="0">
              <value>
                <![CDATA[{License Plate=AR75436, State=Arizona, Car Color=White, Model=Camry, Reservation Prepaid=Non Prepaid, Make=Toyota, Select Source=Walk-in}]]>
              </value>
            </param>
          </params>
          <reporter-output>
            <line>
              <![CDATA[AddReservationForWalkIn Test is starting.]]>
            </line>
            <line>
              <![CDATA[AddReservationForWalkIn Test is succeed.]]>
            </line>
          </reporter-output>
        </test-method> <!-- AddReservationForWalkIn -->
        <test-method is-config="true" signature="close()[pri:0, instance:com.kodacars.qa.testscripts.AddReservationKodaWalkinTest@1115ec15]" started-at="2025-03-31T11:14:01 CDT" name="close" finished-at="2025-03-31T11:14:03 CDT" duration-ms="1707" status="PASS">
          <reporter-output>
          </reporter-output>
        </test-method> <!-- close -->
        <test-method is-config="true" signature="setup(java.lang.String)[pri:0, instance:com.kodacars.qa.testscripts.AddReservationKodaWalkinTest@1115ec15]" started-at="2025-03-31T11:14:03 CDT" name="setup" finished-at="2025-03-31T11:14:07 CDT" duration-ms="3671" status="PASS">
          <params>
            <param index="0">
              <value>
                <![CDATA[Chrome]]>
              </value>
            </param>
          </params>
          <reporter-output>
          </reporter-output>
        </test-method> <!-- setup -->
        <test-method is-config="true" signature="login()[pri:0, instance:com.kodacars.qa.testscripts.AddReservationKodaWalkinTest@1115ec15]" started-at="2025-03-31T11:14:07 CDT" name="login" finished-at="2025-03-31T11:14:07 CDT" duration-ms="292" status="PASS">
          <reporter-output>
          </reporter-output>
        </test-method> <!-- login -->
        <test-method signature="AddReservationForThirdPartyCreateManually(java.util.Map)[pri:1, instance:com.kodacars.qa.testscripts.AddReservationKodaWalkinTest@1115ec15]" started-at="2025-03-31T11:14:07 CDT" name="AddReservationForThirdPartyCreateManually" data-provider="ThirdpartyManuallyCreateConfirmationNumber" finished-at="2025-03-31T11:14:59 CDT" duration-ms="51630" status="PASS">
          <params>
            <param index="0">
              <value>
                <![CDATA[{License Plate=Il75407, Prepaid Or Partial=Prepaid/Partial, State=Illinois, Car Color=Black, Model=Avalon, Make=Toyota, confirmation Number=CHAP456389, Select Source=CheapAirportParking}]]>
              </value>
            </param>
          </params>
          <reporter-output>
            <line>
              <![CDATA[AddReservationForThirdPartyCreateManually Test is starting.]]>
            </line>
            <line>
              <![CDATA[AddReservationForThirdPartyCreateManually Test is succeed.]]>
            </line>
          </reporter-output>
        </test-method> <!-- AddReservationForThirdPartyCreateManually -->
        <test-method is-config="true" signature="close()[pri:0, instance:com.kodacars.qa.testscripts.AddReservationKodaWalkinTest@1115ec15]" started-at="2025-03-31T11:14:59 CDT" name="close" finished-at="2025-03-31T11:15:00 CDT" duration-ms="1477" status="PASS">
          <reporter-output>
          </reporter-output>
        </test-method> <!-- close -->
        <test-method is-config="true" signature="setup(java.lang.String)[pri:0, instance:com.kodacars.qa.testscripts.AddReservationKodaWalkinTest@1115ec15]" started-at="2025-03-31T11:15:01 CDT" name="setup" finished-at="2025-03-31T11:15:04 CDT" duration-ms="3221" status="PASS">
          <params>
            <param index="0">
              <value>
                <![CDATA[Chrome]]>
              </value>
            </param>
          </params>
          <reporter-output>
          </reporter-output>
        </test-method> <!-- setup -->
        <test-method is-config="true" signature="login()[pri:0, instance:com.kodacars.qa.testscripts.AddReservationKodaWalkinTest@1115ec15]" started-at="2025-03-31T11:15:04 CDT" name="login" finished-at="2025-03-31T11:15:04 CDT" duration-ms="290" status="PASS">
          <reporter-output>
          </reporter-output>
        </test-method> <!-- login -->
        <test-method signature="AddReservationConfirmationNumberSearch(java.util.Map)[pri:2, instance:com.kodacars.qa.testscripts.AddReservationKodaWalkinTest@1115ec15]" started-at="2025-03-31T11:15:04 CDT" name="AddReservationConfirmationNumberSearch" data-provider="ThirdpartyManuallyCreateConfirmationNumber" finished-at="2025-03-31T11:15:20 CDT" duration-ms="16081" status="PASS">
          <params>
            <param index="0">
              <value>
                <![CDATA[{License Plate=Il75407, Prepaid Or Partial=Prepaid/Partial, State=Illinois, Car Color=Black, Model=Avalon, Make=Toyota, confirmation Number=CHAP456389, Select Source=CheapAirportParking}]]>
              </value>
            </param>
          </params>
          <reporter-output>
            <line>
              <![CDATA[AddReservationConfirmationNumberSearch Test is starting.]]>
            </line>
            <line>
              <![CDATA[AddReservationConfirmationNumberSearch Test is succeed.]]>
            </line>
          </reporter-output>
        </test-method> <!-- AddReservationConfirmationNumberSearch -->
        <test-method is-config="true" signature="close()[pri:0, instance:com.kodacars.qa.testscripts.AddReservationKodaWalkinTest@1115ec15]" started-at="2025-03-31T11:15:20 CDT" name="close" finished-at="2025-03-31T11:15:21 CDT" duration-ms="1295" status="PASS">
          <reporter-output>
          </reporter-output>
        </test-method> <!-- close -->
        <test-method is-config="true" signature="setup(java.lang.String)[pri:0, instance:com.kodacars.qa.testscripts.AddReservationKodaWalkinTest@1115ec15]" started-at="2025-03-31T11:15:22 CDT" name="setup" finished-at="2025-03-31T11:15:25 CDT" duration-ms="3015" status="PASS">
          <params>
            <param index="0">
              <value>
                <![CDATA[Chrome]]>
              </value>
            </param>
          </params>
          <reporter-output>
          </reporter-output>
        </test-method> <!-- setup -->
        <test-method is-config="true" signature="login()[pri:0, instance:com.kodacars.qa.testscripts.AddReservationKodaWalkinTest@1115ec15]" started-at="2025-03-31T11:15:25 CDT" name="login" finished-at="2025-03-31T11:15:25 CDT" duration-ms="370" status="PASS">
          <reporter-output>
          </reporter-output>
        </test-method> <!-- login -->
        <test-method signature="DashboardThirdPartyReservationLink(java.util.Map)[pri:3, instance:com.kodacars.qa.testscripts.AddReservationKodaWalkinTest@1115ec15]" started-at="2025-03-31T11:15:25 CDT" name="DashboardThirdPartyReservationLink" data-provider="ThirdpartyManuallyCreateConfirmationNumber" finished-at="2025-03-31T11:16:36 CDT" duration-ms="71046" status="FAIL">
          <params>
            <param index="0">
              <value>
                <![CDATA[{License Plate=Il75407, Prepaid Or Partial=Prepaid/Partial, State=Illinois, Car Color=Black, Model=Avalon, Make=Toyota, confirmation Number=CHAP456389, Select Source=CheapAirportParking}]]>
              </value>
            </param>
          </params>
          <exception class="org.openqa.selenium.TimeoutException">
            <message>
              <![CDATA[Expected condition failed: waiting for visibility of element located by By.id: confirmationNumber (tried for 60 second(s) with 500 milliseconds interval)
Build info: version: '4.27.0', revision: 'd6e718d134'
System info: os.name: 'Windows 11', os.arch: 'amd64', os.version: '10.0', java.version: '23.0.1'
Driver info: org.openqa.selenium.chrome.ChromeDriver
Capabilities {acceptInsecureCerts: false, browserName: chrome, browserVersion: 134.0.6998.89, chrome: {chromedriverVersion: 134.0.6998.165 (fd886e2cb29..., userDataDir: C:\Users\nithi\AppData\Loca...}, fedcm:accounts: true, goog:chromeOptions: {debuggerAddress: localhost:49863}, networkConnectionEnabled: false, pageLoadStrategy: normal, platformName: windows, proxy: Proxy(), se:cdp: ws://localhost:49863/devtoo..., se:cdpVersion: 134.0.6998.89, setWindowRect: true, strictFileInteractability: false, timeouts: {implicit: 0, pageLoad: 300000, script: 30000}, unhandledPromptBehavior: dismiss and notify, webauthn:extension:credBlob: true, webauthn:extension:largeBlob: true, webauthn:extension:minPinLength: true, webauthn:extension:prf: true, webauthn:virtualAuthenticators: true}
Session ID: 6dfcaeed44d7ef672b494f5107052419]]>
            </message>
            <full-stacktrace>
              <![CDATA[org.openqa.selenium.TimeoutException: Expected condition failed: waiting for visibility of element located by By.id: confirmationNumber (tried for 60 second(s) with 500 milliseconds interval)
Build info: version: '4.27.0', revision: 'd6e718d134'
System info: os.name: 'Windows 11', os.arch: 'amd64', os.version: '10.0', java.version: '23.0.1'
Driver info: org.openqa.selenium.chrome.ChromeDriver
Capabilities {acceptInsecureCerts: false, browserName: chrome, browserVersion: 134.0.6998.89, chrome: {chromedriverVersion: 134.0.6998.165 (fd886e2cb29..., userDataDir: C:\Users\nithi\AppData\Loca...}, fedcm:accounts: true, goog:chromeOptions: {debuggerAddress: localhost:49863}, networkConnectionEnabled: false, pageLoadStrategy: normal, platformName: windows, proxy: Proxy(), se:cdp: ws://localhost:49863/devtoo..., se:cdpVersion: 134.0.6998.89, setWindowRect: true, strictFileInteractability: false, timeouts: {implicit: 0, pageLoad: 300000, script: 30000}, unhandledPromptBehavior: dismiss and notify, webauthn:extension:credBlob: true, webauthn:extension:largeBlob: true, webauthn:extension:minPinLength: true, webauthn:extension:prf: true, webauthn:virtualAuthenticators: true}
Session ID: 6dfcaeed44d7ef672b494f5107052419
at org.openqa.selenium.support.ui.WebDriverWait.timeoutException(WebDriverWait.java:84)
at org.openqa.selenium.support.ui.FluentWait.until(FluentWait.java:228)
at com.kodacars.qa.pageobjects.AddReservationPage.getTextConfirmationNumber(AddReservationPage.java:280)
at com.kodacars.qa.testscripts.AddReservationKodaWalkinTest.DashboardThirdPartyReservationLink(AddReservationKodaWalkinTest.java:82)
at java.base/jdk.internal.reflect.DirectMethodHandleAccessor.invoke(DirectMethodHandleAccessor.java:103)
at java.base/java.lang.reflect.Method.invoke(Method.java:580)
at org.testng.internal.invokers.MethodInvocationHelper.invokeMethod(MethodInvocationHelper.java:141)
at org.testng.internal.invokers.TestInvoker.invokeMethod(TestInvoker.java:686)
at org.testng.internal.invokers.TestInvoker.invokeTestMethod(TestInvoker.java:230)
at org.testng.internal.invokers.MethodRunner.runInSequence(MethodRunner.java:63)
at org.testng.internal.invokers.TestInvoker$MethodInvocationAgent.invoke(TestInvoker.java:992)
at org.testng.internal.invokers.TestInvoker.invokeTestMethods(TestInvoker.java:203)
at org.testng.internal.invokers.TestMethodWorker.invokeTestMethods(TestMethodWorker.java:154)
at org.testng.internal.invokers.TestMethodWorker.run(TestMethodWorker.java:134)
at java.base/java.util.ArrayList.forEach(ArrayList.java:1597)
at org.testng.TestRunner.privateRun(TestRunner.java:739)
at org.testng.TestRunner.run(TestRunner.java:614)
at org.testng.SuiteRunner.runTest(SuiteRunner.java:421)
at org.testng.SuiteRunner.runSequentially(SuiteRunner.java:413)
at org.testng.SuiteRunner.privateRun(SuiteRunner.java:373)
at org.testng.SuiteRunner.run(SuiteRunner.java:312)
at org.testng.SuiteRunnerWorker.runSuite(SuiteRunnerWorker.java:52)
at org.testng.SuiteRunnerWorker.run(SuiteRunnerWorker.java:95)
at org.testng.TestNG.runSuitesSequentially(TestNG.java:1274)
at org.testng.TestNG.runSuitesLocally(TestNG.java:1208)
at org.testng.TestNG.runSuites(TestNG.java:1112)
at org.testng.TestNG.run(TestNG.java:1079)
at org.testng.remote.AbstractRemoteTestNG.run(AbstractRemoteTestNG.java:115)
at org.testng.remote.RemoteTestNG.initAndRun(RemoteTestNG.java:293)
at org.testng.remote.RemoteTestNG.main(RemoteTestNG.java:91)
]]>
            </full-stacktrace>
          </exception> <!-- org.openqa.selenium.TimeoutException -->
          <reporter-output>
            <line>
              <![CDATA[DashboardThirdPartyReservationLink Test is starting.]]>
            </line>
            <line>
              <![CDATA[onTestFailureDashboardThirdPartyReservationLink]]>
            </line>
          </reporter-output>
        </test-method> <!-- DashboardThirdPartyReservationLink -->
        <test-method is-config="true" signature="close()[pri:0, instance:com.kodacars.qa.testscripts.AddReservationKodaWalkinTest@1115ec15]" started-at="2025-03-31T11:16:37 CDT" name="close" finished-at="2025-03-31T11:16:37 CDT" duration-ms="475" status="PASS">
          <reporter-output>
          </reporter-output>
        </test-method> <!-- close -->
      </class> <!-- com.kodacars.qa.testscripts.AddReservationKodaWalkinTest -->
    </test> <!-- Test -->
  </suite> <!-- Suite -->
</testng-results>
