<?xml version="1.0" encoding="UTF-8"?>
<testng-results ignored="0" total="2" passed="2" failed="0" skipped="0">
  <reporter-output>
    <line>
      <![CDATA[onStart method Test]]>
    </line>
    <line>
      <![CDATA[AddReservationForThirdPartyCreateManually Test is starting.]]>
    </line>
    <line>
      <![CDATA[AddReservationForThirdPartyCreateManually Test is succeed.]]>
    </line>
    <line>
      <![CDATA[AddReservationConfirmationNumberSearch Test is starting.]]>
    </line>
    <line>
      <![CDATA[AddReservationConfirmationNumberSearch Test is succeed.]]>
    </line>
  </reporter-output>
  <suite started-at="2025-03-23T13:26:20 CDT" name="Suite" finished-at="2025-03-23T13:27:27 CDT" duration-ms="66980">
    <groups>
    </groups>
    <test started-at="2025-03-23T13:26:20 CDT" name="Test" finished-at="2025-03-23T13:27:27 CDT" duration-ms="66980">
      <class name="com.kodacars.qa.testscripts.AddReservationThirdParyTest">
        <test-method is-config="true" signature="setup(java.lang.String)[pri:0, instance:com.kodacars.qa.testscripts.AddReservationThirdParyTest@1ab06251]" started-at="2025-03-23T13:26:21 CDT" name="setup" finished-at="2025-03-23T13:26:25 CDT" duration-ms="3695" status="PASS">
          <params>
            <param index="0">
              <value>
                <![CDATA[Chrome]]>
              </value>
            </param>
          </params>
          <reporter-output>
          </reporter-output>
        </test-method> <!-- setup -->
        <test-method signature="AddReservationForThirdPartyCreateManually(java.util.Map)[pri:0, instance:com.kodacars.qa.testscripts.AddReservationThirdParyTest@1ab06251]" started-at="2025-03-23T13:26:25 CDT" name="AddReservationForThirdPartyCreateManually" data-provider="ThirdpartyManuallyCreateConfirmationNumber" finished-at="2025-03-23T13:27:14 CDT" duration-ms="49689" status="PASS">
          <params>
            <param index="0">
              <value>
                <![CDATA[{License Plate=Il75486, Prepaid Or Partial=Prepaid/Partial, State=Illinois, Car Color=Black, Model=Avalon, Make=Toyota, confirmation Number=CHAP45615, Select Source=CheapAirportParking}]]>
              </value>
            </param>
          </params>
          <reporter-output>
            <line>
              <![CDATA[AddReservationForThirdPartyCreateManually Test is starting.]]>
            </line>
            <line>
              <![CDATA[AddReservationForThirdPartyCreateManually Test is succeed.]]>
            </line>
          </reporter-output>
        </test-method> <!-- AddReservationForThirdPartyCreateManually -->
        <test-method is-config="true" signature="close()[pri:0, instance:com.kodacars.qa.testscripts.AddReservationThirdParyTest@1ab06251]" started-at="2025-03-23T13:27:14 CDT" name="close" finished-at="2025-03-23T13:27:14 CDT" duration-ms="9" status="PASS">
          <reporter-output>
          </reporter-output>
        </test-method> <!-- close -->
        <test-method is-config="true" signature="setup(java.lang.String)[pri:0, instance:com.kodacars.qa.testscripts.AddReservationThirdParyTest@1ab06251]" started-at="2025-03-23T13:27:16 CDT" name="setup" finished-at="2025-03-23T13:27:19 CDT" duration-ms="3392" status="PASS">
          <params>
            <param index="0">
              <value>
                <![CDATA[Chrome]]>
              </value>
            </param>
          </params>
          <reporter-output>
          </reporter-output>
        </test-method> <!-- setup -->
        <test-method signature="AddReservationConfirmationNumberSearch(java.util.Map)[pri:1, instance:com.kodacars.qa.testscripts.AddReservationThirdParyTest@1ab06251]" started-at="2025-03-23T13:27:19 CDT" name="AddReservationConfirmationNumberSearch" data-provider="SearchThirdpartyConfirmationNumber" finished-at="2025-03-23T13:27:27 CDT" duration-ms="7609" status="PASS">
          <params>
            <param index="0">
              <value>
                <![CDATA[{License Plate=Il75486, Prepaid Or Partial=Prepaid/Partial, State=Illinois, Car Color=Black, Model=Avalon, Make=Toyota, confirmation Number=CHAP45615, Select Source=CheapAirportParking}]]>
              </value>
            </param>
          </params>
          <reporter-output>
            <line>
              <![CDATA[AddReservationConfirmationNumberSearch Test is starting.]]>
            </line>
            <line>
              <![CDATA[AddReservationConfirmationNumberSearch Test is succeed.]]>
            </line>
          </reporter-output>
        </test-method> <!-- AddReservationConfirmationNumberSearch -->
        <test-method is-config="true" signature="close()[pri:0, instance:com.kodacars.qa.testscripts.AddReservationThirdParyTest@1ab06251]" started-at="2025-03-23T13:27:27 CDT" name="close" finished-at="2025-03-23T13:27:27 CDT" duration-ms="0" status="PASS">
          <reporter-output>
          </reporter-output>
        </test-method> <!-- close -->
      </class> <!-- com.kodacars.qa.testscripts.AddReservationThirdParyTest -->
    </test> <!-- Test -->
  </suite> <!-- Suite -->
</testng-results>
