<?xml version="1.0" encoding="UTF-8"?>
<testng-results ignored="0" total="2" passed="2" failed="0" skipped="0">
  <reporter-output>
    <line>
      <![CDATA[onStart method Test]]>
    </line>
    <line>
      <![CDATA[AddReservationForKoda Test is starting.]]>
    </line>
    <line>
      <![CDATA[AddReservationForKoda Test is succeed.]]>
    </line>
    <line>
      <![CDATA[AddReservationForKoda Test is starting.]]>
    </line>
    <line>
      <![CDATA[AddReservationForKoda Test is succeed.]]>
    </line>
  </reporter-output>
  <suite started-at="2025-03-18T18:33:23 CDT" name="Suite" finished-at="2025-03-18T18:35:10 CDT" duration-ms="106231">
    <groups>
    </groups>
    <test started-at="2025-03-18T18:33:23 CDT" name="Test" finished-at="2025-03-18T18:35:10 CDT" duration-ms="106231">
      <class name="com.kodacars.qa.testscripts.AddReservationKodaTest">
        <test-method is-config="true" signature="setup(java.lang.String)[pri:0, instance:com.kodacars.qa.testscripts.AddReservationKodaTest@3f67593e]" started-at="2025-03-18T18:33:25 CDT" name="setup" finished-at="2025-03-18T18:33:28 CDT" duration-ms="3803" status="PASS">
          <params>
            <param index="0">
              <value>
                <![CDATA[Chrome]]>
              </value>
            </param>
          </params>
          <reporter-output>
          </reporter-output>
        </test-method> <!-- setup -->
        <test-method signature="AddReservationForKoda(java.util.Map)[pri:0, instance:com.kodacars.qa.testscripts.AddReservationKodaTest@3f67593e]" started-at="2025-03-18T18:33:29 CDT" name="AddReservationForKoda" data-provider="KodaAddVehicle" finished-at="2025-03-18T18:34:18 CDT" duration-ms="49813" status="PASS">
          <params>
            <param index="0">
              <value>
                <![CDATA[{License Plate=Il75486, State=Illinois, Car Color=Black, Model=Avalon, Reservation Prepaid=Non Prepaid, Make=Toyota, Select Source=Koda}]]>
              </value>
            </param>
          </params>
          <reporter-output>
            <line>
              <![CDATA[AddReservationForKoda Test is starting.]]>
            </line>
            <line>
              <![CDATA[AddReservationForKoda Test is succeed.]]>
            </line>
          </reporter-output>
        </test-method> <!-- AddReservationForKoda -->
        <test-method is-config="true" signature="close()[pri:0, instance:com.kodacars.qa.testscripts.AddReservationKodaTest@3f67593e]" started-at="2025-03-18T18:34:18 CDT" name="close" finished-at="2025-03-18T18:34:18 CDT" duration-ms="4" status="PASS">
          <reporter-output>
          </reporter-output>
        </test-method> <!-- close -->
        <test-method is-config="true" signature="setup(java.lang.String)[pri:0, instance:com.kodacars.qa.testscripts.AddReservationKodaTest@3f67593e]" started-at="2025-03-18T18:34:18 CDT" name="setup" finished-at="2025-03-18T18:34:22 CDT" duration-ms="3134" status="PASS">
          <params>
            <param index="0">
              <value>
                <![CDATA[Chrome]]>
              </value>
            </param>
          </params>
          <reporter-output>
          </reporter-output>
        </test-method> <!-- setup -->
        <test-method signature="AddReservationForKoda(java.util.Map)[pri:0, instance:com.kodacars.qa.testscripts.AddReservationKodaTest@3f67593e]" started-at="2025-03-18T18:34:22 CDT" name="AddReservationForKoda" data-provider="KodaAddVehicle" finished-at="2025-03-18T18:35:10 CDT" duration-ms="48083" status="PASS">
          <params>
            <param index="0">
              <value>
                <![CDATA[{License Plate=Il75486, State=Arizona, Car Color=Black, Model=Echo, Reservation Prepaid=Prepaid/Partial, Make=Toyota, Select Source=Koda}]]>
              </value>
            </param>
          </params>
          <reporter-output>
            <line>
              <![CDATA[AddReservationForKoda Test is starting.]]>
            </line>
            <line>
              <![CDATA[AddReservationForKoda Test is succeed.]]>
            </line>
          </reporter-output>
        </test-method> <!-- AddReservationForKoda -->
        <test-method is-config="true" signature="close()[pri:0, instance:com.kodacars.qa.testscripts.AddReservationKodaTest@3f67593e]" started-at="2025-03-18T18:35:10 CDT" name="close" finished-at="2025-03-18T18:35:10 CDT" duration-ms="3" status="PASS">
          <reporter-output>
          </reporter-output>
        </test-method> <!-- close -->
      </class> <!-- com.kodacars.qa.testscripts.AddReservationKodaTest -->
    </test> <!-- Test -->
  </suite> <!-- Suite -->
</testng-results>
