<?xml version="1.0" encoding="UTF-8"?>
<testng-results ignored="0" total="1" passed="1" failed="0" skipped="0">
  <reporter-output>
    <line>
      <![CDATA[onStart method Test]]>
    </line>
    <line>
      <![CDATA[DashboardThirdPartyReservationLink Test is starting.]]>
    </line>
    <line>
      <![CDATA[DashboardThirdPartyReservationLink Test is succeed.]]>
    </line>
  </reporter-output>
  <suite started-at="2025-03-23T18:33:44 CDT" name="Suite" finished-at="2025-03-23T18:34:05 CDT" duration-ms="21692">
    <groups>
    </groups>
    <test started-at="2025-03-23T18:33:44 CDT" name="Test" finished-at="2025-03-23T18:34:05 CDT" duration-ms="21692">
      <class name="com.kodacars.qa.testscripts.ThirdPartyReservationLinkTest">
        <test-method is-config="true" signature="setup(java.lang.String)[pri:0, instance:com.kodacars.qa.testscripts.ThirdPartyReservationLinkTest@4ddbbdf8]" started-at="2025-03-23T18:33:45 CDT" name="setup" finished-at="2025-03-23T18:33:50 CDT" duration-ms="5840" status="PASS">
          <params>
            <param index="0">
              <value>
                <![CDATA[Chrome]]>
              </value>
            </param>
          </params>
          <reporter-output>
          </reporter-output>
        </test-method> <!-- setup -->
        <test-method signature="DashboardThirdPartyReservationLink()[pri:0, instance:com.kodacars.qa.testscripts.ThirdPartyReservationLinkTest@4ddbbdf8]" started-at="2025-03-23T18:33:51 CDT" name="DashboardThirdPartyReservationLink" finished-at="2025-03-23T18:34:05 CDT" duration-ms="14618" status="PASS">
          <reporter-output>
            <line>
              <![CDATA[DashboardThirdPartyReservationLink Test is starting.]]>
            </line>
            <line>
              <![CDATA[DashboardThirdPartyReservationLink Test is succeed.]]>
            </line>
          </reporter-output>
        </test-method> <!-- DashboardThirdPartyReservationLink -->
        <test-method is-config="true" signature="close()[pri:0, instance:com.kodacars.qa.testscripts.ThirdPartyReservationLinkTest@4ddbbdf8]" started-at="2025-03-23T18:34:05 CDT" name="close" finished-at="2025-03-23T18:34:05 CDT" duration-ms="6" status="PASS">
          <reporter-output>
          </reporter-output>
        </test-method> <!-- close -->
      </class> <!-- com.kodacars.qa.testscripts.ThirdPartyReservationLinkTest -->
    </test> <!-- Test -->
  </suite> <!-- Suite -->
</testng-results>
